# JRE version: Java(TM) SE Runtime Environment (8.0_152-b16) (build 1.8.0_152-b16)
# Java VM: Java HotSpot(TM) 64-Bit Server VM (25.152-b16 mixed mode bsd-amd64 compressed oops)
Heap:
 PSYoungGen      total 76288K, used 33957K [0x000000076ab00000, 0x0000000772e00000, 0x00000007c0000000)
  eden space 59392K, 29% used [0x000000076ab00000,0x000000076bc1fb48,0x000000076e500000)
  from space 16896K, 97% used [0x000000076e600000,0x000000076f609978,0x000000076f680000)
  to   space 37376K, 0% used [0x0000000770980000,0x0000000770980000,0x0000000772e00000)
 ParOldGen       total 175104K, used 88528K [0x00000006c0000000, 0x00000006cab00000, 0x000000076ab00000)
  object space 175104K, 50% used [0x00000006c0000000,0x00000006c5674160,0x00000006cab00000)
 Metaspace       used 16240K, capacity 16712K, committed 16896K, reserved 1064960K
  class space    used 1869K, capacity 2015K, committed 2048K, reserved 1048576K
GC Heap History (10 events):
Event: 51.388 GC heap before
{Heap before GC invocations=5 (full 0):
 PSYoungGen      total 76288K, used 76279K [0x000000076ab00000, 0x0000000770000000, 0x00000007c0000000)
  eden space 65536K, 100% used [0x000000076ab00000,0x000000076eb00000,0x000000076eb00000)
  from space 10752K, 99% used [0x000000076f580000,0x000000076fffde70,0x0000000770000000)
  to   space 10752K, 0% used [0x000000076eb00000,0x000000076eb00000,0x000000076f580000)
 ParOldGen       total 175104K, used 63075K [0x00000006c0000000, 0x00000006cab00000, 0x000000076ab00000)
  object space 175104K, 36% used [0x00000006c0000000,0x00000006c3d98de8,0x00000006cab00000)
 Metaspace       used 15771K, capacity 16226K, committed 16384K, reserved 1062912K
  class space    used 1837K, capacity 1982K, committed 2048K, reserved 1048576K
Event: 51.397 GC heap after
Heap after GC invocations=5 (full 0):
 PSYoungGen      total 74752K, used 10748K [0x000000076ab00000, 0x0000000773580000, 0x00000007c0000000)
  eden space 64000K, 0% used [0x000000076ab00000,0x000000076ab00000,0x000000076e980000)
  from space 10752K, 99% used [0x000000076eb00000,0x000000076f57f370,0x000000076f580000)
  to   space 38912K, 0% used [0x0000000770f80000,0x0000000770f80000,0x0000000773580000)
 ParOldGen       total 175104K, used 72942K [0x00000006c0000000, 0x00000006cab00000, 0x000000076ab00000)
  object space 175104K, 41% used [0x00000006c0000000,0x00000006c473b8d8,0x00000006cab00000)
 Metaspace       used 15771K, capacity 16226K, committed 16384K, reserved 1062912K
  class space    used 1837K, capacity 1982K, committed 2048K, reserved 1048576K
}
Event: 56.874 GC heap before
{Heap before GC invocations=6 (full 0):
 PSYoungGen      total 74752K, used 74748K [0x000000076ab00000, 0x0000000773580000, 0x00000007c0000000)
  eden space 64000K, 100% used [0x000000076ab00000,0x000000076e980000,0x000000076e980000)
  from space 10752K, 99% used [0x000000076eb00000,0x000000076f57f370,0x000000076f580000)
  to   space 38912K, 0% used [0x0000000770f80000,0x0000000770f80000,0x0000000773580000)
 ParOldGen       total 175104K, used 72942K [0x00000006c0000000, 0x00000006cab00000, 0x000000076ab00000)
  object space 175104K, 41% used [0x00000006c0000000,0x00000006c473b8d8,0x00000006cab00000)
 Metaspace       used 15839K, capacity 16290K, committed 16384K, reserved 1062912K
  class space    used 1837K, capacity 1982K, committed 2048K, reserved 1048576K
Event: 56.889 GC heap after
Heap after GC invocations=6 (full 0):
 PSYoungGen      total 98816K, used 27712K [0x000000076ab00000, 0x0000000773300000, 0x00000007c0000000)
  eden space 62464K, 0% used [0x000000076ab00000,0x000000076ab00000,0x000000076e800000)
  from space 36352K, 76% used [0x0000000770f80000,0x0000000772a90080,0x0000000773300000)
  to   space 38400K, 0% used [0x000000076e800000,0x000000076e800000,0x0000000770d80000)
 ParOldGen       total 175104K, used 72950K [0x00000006c0000000, 0x00000006cab00000, 0x000000076ab00000)
  object space 175104K, 41% used [0x00000006c0000000,0x00000006c473d8d8,0x00000006cab00000)
 Metaspace       used 15839K, capacity 16290K, committed 16384K, reserved 1062912K
  class space    used 1837K, capacity 1982K, committed 2048K, reserved 1048576K
}
Event: 66.144 GC heap before
{Heap before GC invocations=7 (full 0):
 PSYoungGen      total 98816K, used 90176K [0x000000076ab00000, 0x0000000773300000, 0x00000007c0000000)
  eden space 62464K, 100% used [0x000000076ab00000,0x000000076e800000,0x000000076e800000)
  from space 36352K, 76% used [0x0000000770f80000,0x0000000772a90080,0x0000000773300000)
  to   space 38400K, 0% used [0x000000076e800000,0x000000076e800000,0x0000000770d80000)
 ParOldGen       total 175104K, used 72950K [0x00000006c0000000, 0x00000006cab00000, 0x000000076ab00000)
  object space 175104K, 41% used [0x00000006c0000000,0x00000006c473dbd8,0x00000006cab00000)
 Metaspace       used 15953K, capacity 16418K, committed 16640K, reserved 1064960K
  class space    used 1837K, capacity 1982K, committed 2048K, reserved 1048576K
Event: 66.156 GC heap after
Heap after GC invocations=7 (full 0):
 PSYoungGen      total 84480K, used 22795K [0x000000076ab00000, 0x0000000773000000, 0x00000007c0000000)
  eden space 61440K, 0% used [0x000000076ab00000,0x000000076ab00000,0x000000076e700000)
  from space 23040K, 98% used [0x000000076e800000,0x000000076fe42c10,0x000000076fe80000)
  to   space 37376K, 0% used [0x0000000770b80000,0x0000000770b80000,0x0000000773000000)
 ParOldGen       total 175104K, used 84191K [0x00000006c0000000, 0x00000006cab00000, 0x000000076ab00000)
  object space 175104K, 48% used [0x00000006c0000000,0x00000006c5237c48,0x00000006cab00000)
 Metaspace       used 15953K, capacity 16418K, committed 16640K, reserved 1064960K
  class space    used 1837K, capacity 1982K, committed 2048K, reserved 1048576K
}
Event: 76.147 GC heap before
{Heap before GC invocations=8 (full 0):
 PSYoungGen      total 84480K, used 84235K [0x000000076ab00000, 0x0000000773000000, 0x00000007c0000000)
  eden space 61440K, 100% used [0x000000076ab00000,0x000000076e700000,0x000000076e700000)
  from space 23040K, 98% used [0x000000076e800000,0x000000076fe42c10,0x000000076fe80000)
  to   space 37376K, 0% used [0x0000000770b80000,0x0000000770b80000,0x0000000773000000)
 ParOldGen       total 175104K, used 84342K [0x00000006c0000000, 0x00000006cab00000, 0x000000076ab00000)
  object space 175104K, 48% used [0x00000006c0000000,0x00000006c525da20,0x00000006cab00000)
 Metaspace       used 16206K, capacity 16648K, committed 16896K, reserved 1064960K
  class space    used 1869K, capacity 2015K, committed 2048K, reserved 1048576K
Event: 76.152 GC heap after
Heap after GC invocations=8 (full 0):
 PSYoungGen      total 96768K, used 16635K [0x000000076ab00000, 0x0000000772f00000, 0x00000007c0000000)
  eden space 60416K, 0% used [0x000000076ab00000,0x000000076ab00000,0x000000076e600000)
  from space 36352K, 45% used [0x0000000770b80000,0x0000000771bbee48,0x0000000772f00000)
  to   space 37376K, 0% used [0x000000076e600000,0x000000076e600000,0x0000000770a80000)
 ParOldGen       total 175104K, used 86109K [0x00000006c0000000, 0x00000006cab00000, 0x000000076ab00000)
  object space 175104K, 49% used [0x00000006c0000000,0x00000006c5417660,0x00000006cab00000)
 Metaspace       used 16206K, capacity 16648K, committed 16896K, reserved 1064960K
  class space    used 1869K, capacity 2015K, committed 2048K, reserved 1048576K
}
Event: 77.539 GC heap before
{Heap before GC invocations=9 (full 0):
 PSYoungGen      total 96768K, used 77051K [0x000000076ab00000, 0x0000000772f00000, 0x00000007c0000000)
  eden space 60416K, 100% used [0x000000076ab00000,0x000000076e600000,0x000000076e600000)
  from space 36352K, 45% used [0x0000000770b80000,0x0000000771bbee48,0x0000000772f00000)
  to   space 37376K, 0% used [0x000000076e600000,0x000000076e600000,0x0000000770a80000)
 ParOldGen       total 175104K, used 86109K [0x00000006c0000000, 0x00000006cab00000, 0x000000076ab00000)
  object space 175104K, 49% used [0x00000006c0000000,0x00000006c5417660,0x00000006cab00000)
 Metaspace       used 16207K, capacity 16648K, committed 16896K, reserved 1064960K
  class space    used 1869K, capacity 2015K, committed 2048K, reserved 1048576K
Event: 77.543 GC heap after
Heap after GC invocations=9 (full 0):
 PSYoungGen      total 76288K, used 16422K [0x000000076ab00000, 0x0000000772e00000, 0x00000007c0000000)
  eden space 59392K, 0% used [0x000000076ab00000,0x000000076ab00000,0x000000076e500000)
  from space 16896K, 97% used [0x000000076e600000,0x000000076f609978,0x000000076f680000)
  to   space 37376K, 0% used [0x0000000770980000,0x0000000770980000,0x0000000772e00000)
 ParOldGen       total 175104K, used 88528K [0x00000006c0000000, 0x00000006cab00000, 0x000000076ab00000)
  object space 175104K, 50% used [0x00000006c0000000,0x00000006c5674160,0x00000006cab00000)
 Metaspace       used 16207K, capacity 16648K, committed 16896K, reserved 1064960K
  class space    used 1869K, capacity 2015K, committed 2048K, reserved 1048576K
}

