# JRE version: Java(TM) SE Runtime Environment (8.0_152-b16) (build 1.8.0_152-b16)
# Java VM: Java HotSpot(TM) 64-Bit Server VM (25.152-b16 mixed mode bsd-amd64 compressed oops)
Heap:
 PSYoungGen      total 39936K, used 28898K [0x000000076ab00000, 0x000000076df80000, 0x00000007c0000000)
  eden space 30208K, 64% used [0x000000076ab00000,0x000000076bdf8578,0x000000076c880000)
  from space 9728K, 97% used [0x000000076c880000,0x000000076d1c05f8,0x000000076d200000)
  to   space 11776K, 0% used [0x000000076d400000,0x000000076d400000,0x000000076df80000)
 ParOldGen       total 126976K, used 55798K [0x00000006c0000000, 0x00000006c7c00000, 0x000000076ab00000)
  object space 126976K, 43% used [0x00000006c0000000,0x00000006c367d938,0x00000006c7c00000)
 Metaspace       used 16490K, capacity 16966K, committed 17152K, reserved 1064960K
  class space    used 1851K, capacity 1994K, committed 2048K, reserved 1048576K
GC Heap History (10 events):
Event: 398.361 GC heap before
{Heap before GC invocations=78 (full 0):
 PSYoungGen      total 41984K, used 40894K [0x000000076ab00000, 0x000000076de80000, 0x00000007c0000000)
  eden space 31232K, 100% used [0x000000076ab00000,0x000000076c980000,0x000000076c980000)
  from space 10752K, 89% used [0x000000076c980000,0x000000076d2efb50,0x000000076d400000)
  to   space 10752K, 0% used [0x000000076d400000,0x000000076d400000,0x000000076de80000)
 ParOldGen       total 175104K, used 147079K [0x00000006c0000000, 0x00000006cab00000, 0x000000076ab00000)
  object space 175104K, 83% used [0x00000006c0000000,0x00000006c8fa1ef8,0x00000006cab00000)
 Metaspace       used 16433K, capacity 16838K, committed 17152K, reserved 1064960K
  class space    used 1851K, capacity 1994K, committed 2048K, reserved 1048576K
Event: 398.364 GC heap after
Heap after GC invocations=78 (full 0):
 PSYoungGen      total 40960K, used 10750K [0x000000076ab00000, 0x000000076e080000, 0x00000007c0000000)
  eden space 30208K, 0% used [0x000000076ab00000,0x000000076ab00000,0x000000076c880000)
  from space 10752K, 99% used [0x000000076d400000,0x000000076de7f8b8,0x000000076de80000)
  to   space 11776K, 0% used [0x000000076c880000,0x000000076c880000,0x000000076d400000)
 ParOldGen       total 175104K, used 149269K [0x00000006c0000000, 0x00000006cab00000, 0x000000076ab00000)
  object space 175104K, 85% used [0x00000006c0000000,0x00000006c91c55d8,0x00000006cab00000)
 Metaspace       used 16433K, capacity 16838K, committed 17152K, reserved 1064960K
  class space    used 1851K, capacity 1994K, committed 2048K, reserved 1048576K
}
Event: 398.797 GC heap before
{Heap before GC invocations=79 (full 0):
 PSYoungGen      total 40960K, used 40958K [0x000000076ab00000, 0x000000076e080000, 0x00000007c0000000)
  eden space 30208K, 100% used [0x000000076ab00000,0x000000076c880000,0x000000076c880000)
  from space 10752K, 99% used [0x000000076d400000,0x000000076de7f8b8,0x000000076de80000)
  to   space 11776K, 0% used [0x000000076c880000,0x000000076c880000,0x000000076d400000)
 ParOldGen       total 175104K, used 149269K [0x00000006c0000000, 0x00000006cab00000, 0x000000076ab00000)
  object space 175104K, 85% used [0x00000006c0000000,0x00000006c91c55d8,0x00000006cab00000)
 Metaspace       used 16454K, capacity 16838K, committed 17152K, reserved 1064960K
  class space    used 1851K, capacity 1994K, committed 2048K, reserved 1048576K
Event: 398.803 GC heap after
Heap after GC invocations=79 (full 0):
 PSYoungGen      total 41984K, used 6974K [0x000000076ab00000, 0x000000076e080000, 0x00000007c0000000)
  eden space 30208K, 0% used [0x000000076ab00000,0x000000076ab00000,0x000000076c880000)
  from space 11776K, 59% used [0x000000076c880000,0x000000076cf4fb58,0x000000076d400000)
  to   space 12288K, 0% used [0x000000076d480000,0x000000076d480000,0x000000076e080000)
 ParOldGen       total 175104K, used 159953K [0x00000006c0000000, 0x00000006cab00000, 0x000000076ab00000)
  object space 175104K, 91% used [0x00000006c0000000,0x00000006c9c34560,0x00000006cab00000)
 Metaspace       used 16454K, capacity 16838K, committed 17152K, reserved 1064960K
  class space    used 1851K, capacity 1994K, committed 2048K, reserved 1048576K
}
Event: 399.308 GC heap before
{Heap before GC invocations=80 (full 0):
 PSYoungGen      total 41984K, used 37006K [0x000000076ab00000, 0x000000076e080000, 0x00000007c0000000)
  eden space 30208K, 99% used [0x000000076ab00000,0x000000076c853d68,0x000000076c880000)
  from space 11776K, 59% used [0x000000076c880000,0x000000076cf4fb58,0x000000076d400000)
  to   space 12288K, 0% used [0x000000076d480000,0x000000076d480000,0x000000076e080000)
 ParOldGen       total 175104K, used 159953K [0x00000006c0000000, 0x00000006cab00000, 0x000000076ab00000)
  object space 175104K, 91% used [0x00000006c0000000,0x00000006c9c34560,0x00000006cab00000)
 Metaspace       used 16476K, capacity 16966K, committed 17152K, reserved 1064960K
  class space    used 1851K, capacity 1994K, committed 2048K, reserved 1048576K
Event: 399.314 GC heap after
Heap after GC invocations=80 (full 0):
 PSYoungGen      total 42496K, used 8016K [0x000000076ab00000, 0x000000076e080000, 0x00000007c0000000)
  eden space 30208K, 0% used [0x000000076ab00000,0x000000076ab00000,0x000000076c880000)
  from space 12288K, 65% used [0x000000076d480000,0x000000076dc54198,0x000000076e080000)
  to   space 12288K, 0% used [0x000000076c880000,0x000000076c880000,0x000000076d480000)
 ParOldGen       total 175104K, used 167797K [0x00000006c0000000, 0x00000006cab00000, 0x000000076ab00000)
  object space 175104K, 95% used [0x00000006c0000000,0x00000006ca3dd708,0x00000006cab00000)
 Metaspace       used 16476K, capacity 16966K, committed 17152K, reserved 1064960K
  class space    used 1851K, capacity 1994K, committed 2048K, reserved 1048576K
}
Event: 399.315 GC heap before
{Heap before GC invocations=81 (full 1):
 PSYoungGen      total 42496K, used 8016K [0x000000076ab00000, 0x000000076e080000, 0x00000007c0000000)
  eden space 30208K, 0% used [0x000000076ab00000,0x000000076ab00000,0x000000076c880000)
  from space 12288K, 65% used [0x000000076d480000,0x000000076dc54198,0x000000076e080000)
  to   space 12288K, 0% used [0x000000076c880000,0x000000076c880000,0x000000076d480000)
 ParOldGen       total 175104K, used 167797K [0x00000006c0000000, 0x00000006cab00000, 0x000000076ab00000)
  object space 175104K, 95% used [0x00000006c0000000,0x00000006ca3dd708,0x00000006cab00000)
 Metaspace       used 16476K, capacity 16966K, committed 17152K, reserved 1064960K
  class space    used 1851K, capacity 1994K, committed 2048K, reserved 1048576K
Event: 399.473 GC heap after
Heap after GC invocations=81 (full 1):
 PSYoungGen      total 42496K, used 0K [0x000000076ab00000, 0x000000076e080000, 0x00000007c0000000)
  eden space 30208K, 0% used [0x000000076ab00000,0x000000076ab00000,0x000000076c880000)
  from space 12288K, 0% used [0x000000076d480000,0x000000076d480000,0x000000076e080000)
  to   space 12288K, 0% used [0x000000076c880000,0x000000076c880000,0x000000076d480000)
 ParOldGen       total 126976K, used 55790K [0x00000006c0000000, 0x00000006c7c00000, 0x000000076ab00000)
  object space 126976K, 43% used [0x00000006c0000000,0x00000006c367b938,0x00000006c7c00000)
 Metaspace       used 16476K, capacity 16966K, committed 17152K, reserved 1064960K
  class space    used 1851K, capacity 1994K, committed 2048K, reserved 1048576K
}
Event: 399.906 GC heap before
{Heap before GC invocations=82 (full 1):
 PSYoungGen      total 42496K, used 30208K [0x000000076ab00000, 0x000000076e080000, 0x00000007c0000000)
  eden space 30208K, 100% used [0x000000076ab00000,0x000000076c880000,0x000000076c880000)
  from space 12288K, 0% used [0x000000076d480000,0x000000076d480000,0x000000076e080000)
  to   space 12288K, 0% used [0x000000076c880000,0x000000076c880000,0x000000076d480000)
 ParOldGen       total 126976K, used 55790K [0x00000006c0000000, 0x00000006c7c00000, 0x000000076ab00000)
  object space 126976K, 43% used [0x00000006c0000000,0x00000006c367b938,0x00000006c7c00000)
 Metaspace       used 16486K, capacity 16966K, committed 17152K, reserved 1064960K
  class space    used 1851K, capacity 1994K, committed 2048K, reserved 1048576K
Event: 399.909 GC heap after
Heap after GC invocations=82 (full 1):
 PSYoungGen      total 39936K, used 9473K [0x000000076ab00000, 0x000000076df80000, 0x00000007c0000000)
  eden space 30208K, 0% used [0x000000076ab00000,0x000000076ab00000,0x000000076c880000)
  from space 9728K, 97% used [0x000000076c880000,0x000000076d1c05f8,0x000000076d200000)
  to   space 11776K, 0% used [0x000000076d400000,0x000000076d400000,0x000000076df80000)
 ParOldGen       total 126976K, used 55798K [0x00000006c0000000, 0x00000006c7c00000, 0x000000076ab00000)
  object space 126976K, 43% used [0x00000006c0000000,0x00000006c367d938,0x00000006c7c00000)
 Metaspace       used 16486K, capacity 16966K, committed 17152K, reserved 1064960K
  class space    used 1851K, capacity 1994K, committed 2048K, reserved 1048576K
}

